[ 2025-02-24 09:46:10,670 ] 24 Diabetetic.logging - INFO - Logging system initialized successfully!
[ 2025-02-24 09:46:10,676 ] 19 root - INFO - create the dataingestionconfig class
[ 2025-02-24 09:46:13,801 ] 23 root - INFO - read the train and test data from artifact
[ 2025-02-24 09:46:13,801 ] 29 root - INFO - validate the number of cols in dataframe and schema path
[ 2025-02-24 09:46:13,801 ] 42 root - INFO - detect drift path like compare the train and test distributions
[ 2025-02-24 09:46:13,904 ] 30 root - INFO - read the data from previous artuifact
[ 2025-02-24 09:46:13,904 ] 38 root - INFO - create  preprocessor function
[ 2025-02-24 09:46:13,905 ] 17 root - INFO - passed the data ingetion config to data ingestion class
[ 2025-02-24 09:46:13,912 ] 20 root - INFO - completed the data ingestion and start the iniate data ingestion
[ 2025-02-24 09:46:22,633 ] 143 root - INFO - Performed train test split on the dataframe
[ 2025-02-24 09:46:22,633 ] 145 root - INFO - Exited split_data_as_train_test method of Data_Ingestion class
[ 2025-02-24 09:46:22,641 ] 153 root - INFO - Exporting train and test file path.
[ 2025-02-24 09:46:23,157 ] 162 root - INFO - Exported train and test file path.
[ 2025-02-24 09:46:23,182 ] 24 root - INFO - Data validation is started
[ 2025-02-24 09:46:23,183 ] 26 root - INFO - data validation
[ 2025-02-24 09:46:23,186 ] 28 root - INFO - initaite the data validation
[ 2025-02-24 09:46:23,186 ] 85 root - INFO - read the train an dtest data from artifact ingestion folder
[ 2025-02-24 09:46:23,186 ] 89 root - INFO - read the train data from the read function
[ 2025-02-24 09:46:23,338 ] 93 root - INFO - check validate number of cols
[ 2025-02-24 09:46:23,339 ] 34 root - INFO - take the both length of schema and df
[ 2025-02-24 09:46:23,357 ] 34 root - INFO - take the both length of schema and df
[ 2025-02-24 09:46:24,372 ] 31 root - INFO - complete the data validation
[ 2025-02-24 09:46:24,373 ] 33 root - INFO - data transformation is started
[ 2025-02-24 09:46:24,373 ] 35 root - INFO - apply config to the data transformatin
[ 2025-02-24 09:46:24,373 ] 37 root - INFO - call the iniate data transfrmation
[ 2025-02-24 09:46:24,373 ] 83 root - INFO - read the data fundtion
[ 2025-02-24 09:46:24,494 ] 89 root - INFO - remove the target col from input  train data
[ 2025-02-24 09:46:24,496 ] 93 root - INFO - remove the target col from input  test data
[ 2025-02-24 09:46:24,498 ] 97 root - INFO - calling the preprocessor object
