[ 2025-02-24 09:58:37,238 ] 24 Diabetetic.logging - INFO - Logging system initialized successfully!
[ 2025-02-24 09:58:37,243 ] 19 root - INFO - create the dataingestionconfig class
[ 2025-02-24 09:58:40,509 ] 23 root - INFO - read the train and test data from artifact
[ 2025-02-24 09:58:40,509 ] 29 root - INFO - validate the number of cols in dataframe and schema path
[ 2025-02-24 09:58:40,509 ] 42 root - INFO - detect drift path like compare the train and test distributions
[ 2025-02-24 09:58:40,593 ] 30 root - INFO - read the data from previous artuifact
[ 2025-02-24 09:58:40,593 ] 38 root - INFO - create  preprocessor function
[ 2025-02-24 09:58:40,593 ] 17 root - INFO - passed the data ingetion config to data ingestion class
[ 2025-02-24 09:58:40,606 ] 20 root - INFO - completed the data ingestion and start the iniate data ingestion
[ 2025-02-24 09:58:48,763 ] 143 root - INFO - Performed train test split on the dataframe
[ 2025-02-24 09:58:48,763 ] 145 root - INFO - Exited split_data_as_train_test method of Data_Ingestion class
[ 2025-02-24 09:58:48,764 ] 153 root - INFO - Exporting train and test file path.
[ 2025-02-24 09:58:49,236 ] 162 root - INFO - Exported train and test file path.
[ 2025-02-24 09:58:49,260 ] 24 root - INFO - Data validation is started
[ 2025-02-24 09:58:49,260 ] 26 root - INFO - data validation
[ 2025-02-24 09:58:49,267 ] 28 root - INFO - initaite the data validation
[ 2025-02-24 09:58:49,267 ] 85 root - INFO - read the train an dtest data from artifact ingestion folder
[ 2025-02-24 09:58:49,267 ] 89 root - INFO - read the train data from the read function
[ 2025-02-24 09:58:49,439 ] 93 root - INFO - check validate number of cols
[ 2025-02-24 09:58:49,439 ] 34 root - INFO - take the both length of schema and df
[ 2025-02-24 09:58:49,463 ] 34 root - INFO - take the both length of schema and df
[ 2025-02-24 09:58:50,461 ] 31 root - INFO - complete the data validation
[ 2025-02-24 09:58:50,461 ] 33 root - INFO - data transformation is started
[ 2025-02-24 09:58:50,461 ] 35 root - INFO - apply config to the data transformatin
[ 2025-02-24 09:58:50,461 ] 37 root - INFO - call the iniate data transfrmation
[ 2025-02-24 09:58:50,461 ] 82 root - INFO - read the data fundtion
[ 2025-02-24 09:58:50,574 ] 88 root - INFO - remove the target col from input  train data
[ 2025-02-24 09:58:50,580 ] 92 root - INFO - remove the target col from input  test data
[ 2025-02-24 09:58:50,582 ] 96 root - INFO - calling the preprocessor object
[ 2025-02-24 09:58:50,583 ] 97 root - INFO - Creating and fitting the preprocessor.
[ 2025-02-24 09:58:50,640 ] 102 root - INFO - Transforming train and test data.
[ 2025-02-24 09:58:50,695 ] 107 root - INFO - combine the input data along with target col
[ 2025-02-24 09:58:50,695 ] 116 root - INFO - save the train and test arr in the form of numpy array data
[ 2025-02-24 09:58:50,722 ] 119 root - INFO - save the preprocessor object
[ 2025-02-24 09:58:50,727 ] 40 root - INFO - compledte the data transformation
