[ 2025-02-23 17:24:30,341 ] 24 Diabetetic.logging - INFO - Logging system initialized successfully!
[ 2025-02-23 17:24:30,343 ] 19 root - INFO - create the dataingestionconfig class
[ 2025-02-23 17:24:30,346 ] 19 root - INFO - Initializing DataIngestion class
[ 2025-02-23 17:24:30,346 ] 28 root - INFO - Reading data from MongoDB
[ 2025-02-23 17:24:30,346 ] 58 root - INFO - Saving data to feature store path
[ 2025-02-23 17:24:30,346 ] 75 root - INFO - Splitting train and test data
[ 2025-02-23 17:24:30,346 ] 97 root - INFO - Starting data ingestion pipeline
[ 2025-02-23 17:24:30,402 ] 23 root - INFO - read the train and test data from artifact
[ 2025-02-23 17:24:30,402 ] 29 root - INFO - validate the number of cols in dataframe and schema path
[ 2025-02-23 17:24:30,402 ] 42 root - INFO - detect drift path like compare the train and test distributions
[ 2025-02-23 17:24:30,402 ] 16 root - INFO - passed the data ingetion config to data ingestion class
[ 2025-02-23 17:24:30,402 ] 19 root - INFO - completed the data ingestion and start the iniate data ingestion
[ 2025-02-23 17:24:30,402 ] 35 root - INFO - Connecting to MongoDB database: sharmianyum, collection: Diabetetic
[ 2025-02-23 17:24:52,136 ] 52 root - INFO - Data fetched successfully from MongoDB: (300000, 9)
[ 2025-02-23 17:24:53,176 ] 69 root - INFO - Data saved to feature store path: artifacts\02_23_2025_17_24_30\data_ingestion\feature_store
[ 2025-02-23 17:24:53,224 ] 83 root - INFO - Data split into train ((240000, 9)) and test ((60000, 9))
[ 2025-02-23 17:24:54,254 ] 92 root - INFO - Train and test CSV files saved successfully.
[ 2025-02-23 17:24:54,319 ] 23 root - INFO - Data validation is started
[ 2025-02-23 17:24:54,319 ] 25 root - INFO - data validation
[ 2025-02-23 17:24:54,336 ] 27 root - INFO - initaite the data validation
[ 2025-02-23 17:24:54,336 ] 81 root - INFO - read the train an dtest data from artifact ingestion folder
