[ 2025-02-23 18:47:02,301 ] 24 Diabetetic.logging - INFO - Logging system initialized successfully!
[ 2025-02-23 18:47:02,306 ] 19 root - INFO - create the dataingestionconfig class
[ 2025-02-23 18:47:06,032 ] 23 root - INFO - read the train and test data from artifact
[ 2025-02-23 18:47:06,032 ] 29 root - INFO - validate the number of cols in dataframe and schema path
[ 2025-02-23 18:47:06,032 ] 42 root - INFO - detect drift path like compare the train and test distributions
[ 2025-02-23 18:47:06,032 ] 16 root - INFO - passed the data ingetion config to data ingestion class
[ 2025-02-23 18:47:06,032 ] 19 root - INFO - completed the data ingestion and start the iniate data ingestion
[ 2025-02-23 18:47:19,721 ] 143 root - INFO - Performed train test split on the dataframe
[ 2025-02-23 18:47:19,731 ] 145 root - INFO - Exited split_data_as_train_test method of Data_Ingestion class
[ 2025-02-23 18:47:19,733 ] 153 root - INFO - Exporting train and test file path.
[ 2025-02-23 18:47:20,327 ] 162 root - INFO - Exported train and test file path.
[ 2025-02-23 18:47:20,352 ] 23 root - INFO - Data validation is started
[ 2025-02-23 18:47:20,352 ] 25 root - INFO - data validation
[ 2025-02-23 18:47:20,355 ] 27 root - INFO - initaite the data validation
[ 2025-02-23 18:47:20,355 ] 81 root - INFO - read the train an dtest data from artifact ingestion folder
[ 2025-02-23 18:47:20,355 ] 85 root - INFO - read the train data from the read function
[ 2025-02-23 18:47:20,496 ] 89 root - INFO - check validate number of cols
[ 2025-02-23 18:47:20,498 ] 34 root - INFO - take the both length of schema and df
[ 2025-02-23 18:47:20,503 ] 34 root - INFO - take the both length of schema and df
[ 2025-02-23 18:47:21,116 ] 62 root - INFO - create the directory for drift
