[ 2025-02-23 17:28:39,906 ] 24 Diabetetic.logging - INFO - Logging system initialized successfully!
[ 2025-02-23 17:28:39,921 ] 19 root - INFO - create the dataingestionconfig class
[ 2025-02-23 17:28:39,923 ] 19 root - INFO - Initializing DataIngestion class
[ 2025-02-23 17:28:39,923 ] 28 root - INFO - Reading data from MongoDB
[ 2025-02-23 17:28:39,923 ] 58 root - INFO - Saving data to feature store path
[ 2025-02-23 17:28:39,923 ] 75 root - INFO - Splitting train and test data
[ 2025-02-23 17:28:39,923 ] 97 root - INFO - Starting data ingestion pipeline
[ 2025-02-23 17:28:39,956 ] 23 root - INFO - read the train and test data from artifact
[ 2025-02-23 17:28:39,956 ] 29 root - INFO - validate the number of cols in dataframe and schema path
[ 2025-02-23 17:28:39,956 ] 42 root - INFO - detect drift path like compare the train and test distributions
[ 2025-02-23 17:28:39,956 ] 16 root - INFO - passed the data ingetion config to data ingestion class
[ 2025-02-23 17:28:39,956 ] 19 root - INFO - completed the data ingestion and start the iniate data ingestion
[ 2025-02-23 17:28:39,956 ] 35 root - INFO - Connecting to MongoDB database: sharmianyum, collection: Diabetetic
[ 2025-02-23 17:29:00,621 ] 52 root - INFO - Data fetched successfully from MongoDB: (300000, 9)
[ 2025-02-23 17:29:01,388 ] 69 root - INFO - Data saved to feature store path: artifacts\02_23_2025_17_28_39\data_ingestion\feature_store
[ 2025-02-23 17:29:01,438 ] 83 root - INFO - Data split into train ((240000, 9)) and test ((60000, 9))
[ 2025-02-23 17:29:02,344 ] 92 root - INFO - Train and test CSV files saved successfully.
[ 2025-02-23 17:29:02,409 ] 23 root - INFO - Data validation is started
[ 2025-02-23 17:29:02,409 ] 25 root - INFO - data validation
[ 2025-02-23 17:29:02,409 ] 27 root - INFO - initaite the data validation
[ 2025-02-23 17:29:02,409 ] 81 root - INFO - read the train an dtest data from artifact ingestion folder
