[ 2025-02-23 17:31:06,304 ] 24 Diabetetic.logging - INFO - Logging system initialized successfully!
[ 2025-02-23 17:31:06,306 ] 19 root - INFO - create the dataingestionconfig class
[ 2025-02-23 17:31:06,308 ] 19 root - INFO - Initializing DataIngestion class
[ 2025-02-23 17:31:06,308 ] 28 root - INFO - Reading data from MongoDB
[ 2025-02-23 17:31:06,308 ] 58 root - INFO - Saving data to feature store path
[ 2025-02-23 17:31:06,308 ] 75 root - INFO - Splitting train and test data
[ 2025-02-23 17:31:06,308 ] 97 root - INFO - Starting data ingestion pipeline
[ 2025-02-23 17:31:06,341 ] 23 root - INFO - read the train and test data from artifact
[ 2025-02-23 17:31:06,341 ] 29 root - INFO - validate the number of cols in dataframe and schema path
[ 2025-02-23 17:31:06,341 ] 42 root - INFO - detect drift path like compare the train and test distributions
[ 2025-02-23 17:31:06,341 ] 16 root - INFO - passed the data ingetion config to data ingestion class
[ 2025-02-23 17:31:06,341 ] 19 root - INFO - completed the data ingestion and start the iniate data ingestion
[ 2025-02-23 17:31:06,341 ] 35 root - INFO - Connecting to MongoDB database: sharmianyum, collection: Diabetetic
[ 2025-02-23 17:31:27,406 ] 52 root - INFO - Data fetched successfully from MongoDB: (300000, 9)
[ 2025-02-23 17:31:28,224 ] 69 root - INFO - Data saved to feature store path: artifacts\02_23_2025_17_31_06\data_ingestion\feature_store
[ 2025-02-23 17:31:28,271 ] 83 root - INFO - Data split into train ((240000, 9)) and test ((60000, 9))
[ 2025-02-23 17:31:29,208 ] 92 root - INFO - Train and test CSV files saved successfully.
[ 2025-02-23 17:31:29,263 ] 23 root - INFO - Data validation is started
[ 2025-02-23 17:31:29,263 ] 25 root - INFO - data validation
[ 2025-02-23 17:31:29,263 ] 27 root - INFO - initaite the data validation
[ 2025-02-23 17:31:29,263 ] 81 root - INFO - read the train an dtest data from artifact ingestion folder
