[ 2025-02-24 09:45:30,734 ] 24 Diabetetic.logging - INFO - Logging system initialized successfully!
[ 2025-02-24 09:45:30,740 ] 19 root - INFO - create the dataingestionconfig class
[ 2025-02-24 09:45:33,967 ] 23 root - INFO - read the train and test data from artifact
[ 2025-02-24 09:45:33,967 ] 29 root - INFO - validate the number of cols in dataframe and schema path
[ 2025-02-24 09:45:33,967 ] 42 root - INFO - detect drift path like compare the train and test distributions
[ 2025-02-24 09:45:34,062 ] 30 root - INFO - read the data from previous artuifact
[ 2025-02-24 09:45:34,062 ] 38 root - INFO - create  preprocessor function
[ 2025-02-24 09:45:34,062 ] 17 root - INFO - passed the data ingetion config to data ingestion class
[ 2025-02-24 09:45:34,069 ] 20 root - INFO - completed the data ingestion and start the iniate data ingestion
[ 2025-02-24 09:45:42,725 ] 143 root - INFO - Performed train test split on the dataframe
[ 2025-02-24 09:45:42,725 ] 145 root - INFO - Exited split_data_as_train_test method of Data_Ingestion class
[ 2025-02-24 09:45:42,726 ] 153 root - INFO - Exporting train and test file path.
[ 2025-02-24 09:45:43,155 ] 162 root - INFO - Exported train and test file path.
[ 2025-02-24 09:45:43,185 ] 24 root - INFO - Data validation is started
[ 2025-02-24 09:45:43,185 ] 26 root - INFO - data validation
[ 2025-02-24 09:45:43,188 ] 28 root - INFO - initaite the data validation
[ 2025-02-24 09:45:43,188 ] 85 root - INFO - read the train an dtest data from artifact ingestion folder
[ 2025-02-24 09:45:43,189 ] 89 root - INFO - read the train data from the read function
[ 2025-02-24 09:45:43,318 ] 93 root - INFO - check validate number of cols
[ 2025-02-24 09:45:43,318 ] 34 root - INFO - take the both length of schema and df
[ 2025-02-24 09:45:43,333 ] 34 root - INFO - take the both length of schema and df
[ 2025-02-24 09:45:44,239 ] 31 root - INFO - complete the data validation
[ 2025-02-24 09:45:44,239 ] 33 root - INFO - data transformation is started
[ 2025-02-24 09:45:44,239 ] 35 root - INFO - apply config to the data transformatin
[ 2025-02-24 09:45:44,239 ] 37 root - INFO - call the iniate data transfrmation
[ 2025-02-24 09:45:44,240 ] 83 root - INFO - read the data fundtion
[ 2025-02-24 09:45:44,362 ] 89 root - INFO - remove the target col from input  train data
[ 2025-02-24 09:45:44,365 ] 93 root - INFO - remove the target col from input  test data
[ 2025-02-24 09:45:44,367 ] 97 root - INFO - calling the preprocessor object
