[ 2025-02-24 09:36:32,540 ] 24 Diabetetic.logging - INFO - Logging system initialized successfully!
[ 2025-02-24 09:36:32,544 ] 19 root - INFO - create the dataingestionconfig class
[ 2025-02-24 09:36:35,505 ] 23 root - INFO - read the train and test data from artifact
[ 2025-02-24 09:36:35,505 ] 29 root - INFO - validate the number of cols in dataframe and schema path
[ 2025-02-24 09:36:35,505 ] 42 root - INFO - detect drift path like compare the train and test distributions
[ 2025-02-24 09:36:35,595 ] 30 root - INFO - read the data from previous artuifact
[ 2025-02-24 09:36:35,595 ] 38 root - INFO - create  preprocessor function
[ 2025-02-24 09:36:35,595 ] 17 root - INFO - passed the data ingetion config to data ingestion class
[ 2025-02-24 09:36:35,595 ] 20 root - INFO - completed the data ingestion and start the iniate data ingestion
[ 2025-02-24 09:36:44,772 ] 143 root - INFO - Performed train test split on the dataframe
[ 2025-02-24 09:36:44,772 ] 145 root - INFO - Exited split_data_as_train_test method of Data_Ingestion class
[ 2025-02-24 09:36:44,786 ] 153 root - INFO - Exporting train and test file path.
[ 2025-02-24 09:36:45,260 ] 162 root - INFO - Exported train and test file path.
[ 2025-02-24 09:36:45,295 ] 24 root - INFO - Data validation is started
[ 2025-02-24 09:36:45,295 ] 26 root - INFO - data validation
[ 2025-02-24 09:36:45,296 ] 28 root - INFO - initaite the data validation
[ 2025-02-24 09:36:45,296 ] 85 root - INFO - read the train an dtest data from artifact ingestion folder
[ 2025-02-24 09:36:45,296 ] 89 root - INFO - read the train data from the read function
[ 2025-02-24 09:36:45,420 ] 93 root - INFO - check validate number of cols
[ 2025-02-24 09:36:45,420 ] 34 root - INFO - take the both length of schema and df
[ 2025-02-24 09:36:45,438 ] 34 root - INFO - take the both length of schema and df
[ 2025-02-24 09:36:46,381 ] 31 root - INFO - complete the data validation
[ 2025-02-24 09:36:46,381 ] 33 root - INFO - data transformation is started
[ 2025-02-24 09:36:46,381 ] 35 root - INFO - apply config to the data transformatin
[ 2025-02-24 09:36:46,394 ] 37 root - INFO - call the iniate data transfrmation
[ 2025-02-24 09:36:46,394 ] 82 root - INFO - read the data fundtion
[ 2025-02-24 09:36:46,511 ] 88 root - INFO - remove the target col from input  train data
[ 2025-02-24 09:36:46,515 ] 92 root - INFO - remove the target col from input  test data
[ 2025-02-24 09:36:46,516 ] 96 root - INFO - calling the preprocessor object
[ 2025-02-24 09:36:46,524 ] 100 root - INFO - apply preprocessor for the input data
