[ 2025-02-24 09:35:18,039 ] 24 Diabetetic.logging - INFO - Logging system initialized successfully!
[ 2025-02-24 09:35:18,042 ] 19 root - INFO - create the dataingestionconfig class
[ 2025-02-24 09:35:21,395 ] 23 root - INFO - read the train and test data from artifact
[ 2025-02-24 09:35:21,395 ] 29 root - INFO - validate the number of cols in dataframe and schema path
[ 2025-02-24 09:35:21,395 ] 42 root - INFO - detect drift path like compare the train and test distributions
[ 2025-02-24 09:35:21,497 ] 30 root - INFO - read the data from previous artuifact
[ 2025-02-24 09:35:21,497 ] 38 root - INFO - create  preprocessor function
[ 2025-02-24 09:35:21,497 ] 17 root - INFO - passed the data ingetion config to data ingestion class
[ 2025-02-24 09:35:21,504 ] 20 root - INFO - completed the data ingestion and start the iniate data ingestion
[ 2025-02-24 09:35:31,736 ] 143 root - INFO - Performed train test split on the dataframe
[ 2025-02-24 09:35:31,736 ] 145 root - INFO - Exited split_data_as_train_test method of Data_Ingestion class
[ 2025-02-24 09:35:31,744 ] 153 root - INFO - Exporting train and test file path.
[ 2025-02-24 09:35:32,161 ] 162 root - INFO - Exported train and test file path.
[ 2025-02-24 09:35:32,188 ] 24 root - INFO - Data validation is started
[ 2025-02-24 09:35:32,188 ] 26 root - INFO - data validation
[ 2025-02-24 09:35:32,194 ] 28 root - INFO - initaite the data validation
[ 2025-02-24 09:35:32,194 ] 85 root - INFO - read the train an dtest data from artifact ingestion folder
[ 2025-02-24 09:35:32,194 ] 89 root - INFO - read the train data from the read function
[ 2025-02-24 09:35:32,326 ] 93 root - INFO - check validate number of cols
[ 2025-02-24 09:35:32,326 ] 34 root - INFO - take the both length of schema and df
[ 2025-02-24 09:35:32,343 ] 34 root - INFO - take the both length of schema and df
[ 2025-02-24 09:35:33,294 ] 31 root - INFO - complete the data validation
[ 2025-02-24 09:35:33,294 ] 33 root - INFO - data transformation is started
[ 2025-02-24 09:35:33,294 ] 35 root - INFO - apply config to the data transformatin
[ 2025-02-24 09:35:33,294 ] 37 root - INFO - call the iniate data transfrmation
[ 2025-02-24 09:35:33,294 ] 81 root - INFO - read the data fundtion
[ 2025-02-24 09:35:33,406 ] 87 root - INFO - remove the target col from input  train data
[ 2025-02-24 09:35:33,417 ] 91 root - INFO - remove the target col from input  test data
[ 2025-02-24 09:35:33,419 ] 95 root - INFO - calling the preprocessor object
[ 2025-02-24 09:35:33,423 ] 99 root - INFO - apply preprocessor for the input data
