[ 2025-02-24 09:21:34,059 ] 24 Diabetetic.logging - INFO - Logging system initialized successfully!
[ 2025-02-24 09:21:34,062 ] 19 root - INFO - create the dataingestionconfig class
[ 2025-02-24 09:21:38,151 ] 23 root - INFO - read the train and test data from artifact
[ 2025-02-24 09:21:38,151 ] 29 root - INFO - validate the number of cols in dataframe and schema path
[ 2025-02-24 09:21:38,151 ] 42 root - INFO - detect drift path like compare the train and test distributions
[ 2025-02-24 09:21:38,692 ] 30 root - INFO - read the data from previous artuifact
[ 2025-02-24 09:21:38,692 ] 38 root - INFO - create  preprocessor function
[ 2025-02-24 09:21:38,692 ] 17 root - INFO - passed the data ingetion config to data ingestion class
[ 2025-02-24 09:21:38,692 ] 20 root - INFO - completed the data ingestion and start the iniate data ingestion
[ 2025-02-24 09:21:49,469 ] 143 root - INFO - Performed train test split on the dataframe
[ 2025-02-24 09:21:49,469 ] 145 root - INFO - Exited split_data_as_train_test method of Data_Ingestion class
[ 2025-02-24 09:21:49,473 ] 153 root - INFO - Exporting train and test file path.
[ 2025-02-24 09:21:49,919 ] 162 root - INFO - Exported train and test file path.
[ 2025-02-24 09:21:49,939 ] 24 root - INFO - Data validation is started
[ 2025-02-24 09:21:49,939 ] 26 root - INFO - data validation
[ 2025-02-24 09:21:49,939 ] 28 root - INFO - initaite the data validation
[ 2025-02-24 09:21:49,939 ] 85 root - INFO - read the train an dtest data from artifact ingestion folder
[ 2025-02-24 09:21:49,939 ] 89 root - INFO - read the train data from the read function
[ 2025-02-24 09:21:50,067 ] 93 root - INFO - check validate number of cols
[ 2025-02-24 09:21:50,067 ] 34 root - INFO - take the both length of schema and df
[ 2025-02-24 09:21:50,087 ] 34 root - INFO - take the both length of schema and df
[ 2025-02-24 09:21:51,051 ] 31 root - INFO - complete the data validation
[ 2025-02-24 09:21:51,051 ] 33 root - INFO - data transformation is started
[ 2025-02-24 09:21:51,059 ] 35 root - INFO - apply config to the data transformatin
