[ 2025-02-23 19:06:47,483 ] 24 Diabetetic.logging - INFO - Logging system initialized successfully!
[ 2025-02-23 19:06:47,495 ] 19 root - INFO - create the dataingestionconfig class
[ 2025-02-23 19:06:50,504 ] 23 root - INFO - read the train and test data from artifact
[ 2025-02-23 19:06:50,504 ] 29 root - INFO - validate the number of cols in dataframe and schema path
[ 2025-02-23 19:06:50,504 ] 42 root - INFO - detect drift path like compare the train and test distributions
[ 2025-02-23 19:06:50,504 ] 16 root - INFO - passed the data ingetion config to data ingestion class
[ 2025-02-23 19:06:50,504 ] 19 root - INFO - completed the data ingestion and start the iniate data ingestion
[ 2025-02-23 19:07:05,942 ] 143 root - INFO - Performed train test split on the dataframe
[ 2025-02-23 19:07:05,951 ] 145 root - INFO - Exited split_data_as_train_test method of Data_Ingestion class
[ 2025-02-23 19:07:05,951 ] 153 root - INFO - Exporting train and test file path.
[ 2025-02-23 19:07:06,371 ] 162 root - INFO - Exported train and test file path.
[ 2025-02-23 19:07:06,419 ] 23 root - INFO - Data validation is started
[ 2025-02-23 19:07:06,419 ] 25 root - INFO - data validation
[ 2025-02-23 19:07:06,422 ] 27 root - INFO - initaite the data validation
[ 2025-02-23 19:07:06,422 ] 85 root - INFO - read the train an dtest data from artifact ingestion folder
[ 2025-02-23 19:07:06,422 ] 89 root - INFO - read the train data from the read function
[ 2025-02-23 19:07:06,606 ] 93 root - INFO - check validate number of cols
[ 2025-02-23 19:07:06,609 ] 34 root - INFO - take the both length of schema and df
[ 2025-02-23 19:07:06,618 ] 34 root - INFO - take the both length of schema and df
[ 2025-02-23 19:07:07,563 ] 30 root - INFO - complete the data validation
